<?xml version="1.0" encoding="UTF-8"?>
<!-- Generated by org.testng.reporters.JUnitXMLReporter -->
<testsuite ignored="0" hostname="pradeeps-macbook.local" failures="2" tests="4" name="Positive Scenerio" time="55.552" errors="0" timestamp="2025-07-15T18:24:33 IST">
  <testcase classname="Ecomm_framework.Tests.SubmitOrderTest" name="SubmitOrder" time="10.427">
    <skipped/>
  </testcase> <!-- SubmitOrder -->
  <testcase classname="Ecomm_framework.Tests.SubmitOrderTest" name="SubmitOrder" time="10.931">
    <failure type="java.lang.AssertionError" message="expected [Coupon &amp;quot;abc123&amp;quot; do not exist!] but found [Coupon &amp;quot;abc123&amp;quot; does not exist!]">
      <![CDATA[java.lang.AssertionError: expected [Coupon "abc123" do not exist!] but found [Coupon "abc123" does not exist!]
at Ecomm_framework.Tests.SubmitOrderTest.SubmitOrder(SubmitOrderTest.java:34)
at java.base/java.util.ArrayList.forEach(ArrayList.java:1511)
... Removed 33 stack frames]]>
    </failure>
  </testcase> <!-- SubmitOrder -->
  <testcase classname="Ecomm_framework.Tests.SubmitOrderTest" name="SubmitOrder" time="10.454">
    <skipped/>
  </testcase> <!-- SubmitOrder -->
  <testcase classname="Ecomm_framework.Tests.SubmitOrderTest" name="SubmitOrder" time="11.504">
    <failure type="java.lang.AssertionError" message="expected [Coupon &amp;quot;abc123&amp;quot; do not exist!] but found [Coupon &amp;quot;abc123&amp;quot; does not exist!]">
      <![CDATA[java.lang.AssertionError: expected [Coupon "abc123" do not exist!] but found [Coupon "abc123" does not exist!]
at Ecomm_framework.Tests.SubmitOrderTest.SubmitOrder(SubmitOrderTest.java:34)
at java.base/java.util.ArrayList.forEach(ArrayList.java:1511)
... Removed 33 stack frames]]>
    </failure>
  </testcase> <!-- SubmitOrder -->
</testsuite> <!-- Positive Scenerio -->
